<?xml version='1.0' encoding='UTF-8'?>
<dataset>
  <concept CONCEPT_ID="6001" UUID="550e8400-e29b-41d4-a716-446655440000" RETIRED="false" DATE_CREATED="2004-08-12 00:00:00.0" VERSION="0.1" DATE_CHANGED="2006-06-09 14:57:33.0" IS_SET="false" DATATYPE_ID="1" CLASS_ID="1" CHANGED_BY="1" CREATOR="1"/>
  <concept CONCEPT_ID="6002" UUID="3f6f6c92-8d5c-4a9e-bb1c-d3e00e4f8b71" RETIRED="false" DATE_CREATED="2019-12-11 16:59:47.0" DATE_CHANGED="2019-12-11 16:59:47.0" IS_SET="false" DATATYPE_ID="3" CLASS_ID="11" CHANGED_BY="1" CREATOR="1"/>
  <concept CONCEPT_ID="6003" UUID="d4b4b6ef-6f3e-43a4-a3b9-9c56f3a1e2d8" RETIRED="false" DATE_CREATED="2019-12-11 16:59:47.0" DATE_CHANGED="2019-12-11 16:59:47.0" IS_SET="false" DATATYPE_ID="3" CLASS_ID="11" CHANGED_BY="1" CREATOR="1"/>
  
  <concept_name CONCEPT_NAME_ID="7001" CONCEPT_ID="6001" NAME="Nutrition Services" LOCALE="en" DATE_CREATED="2019-12-11 16:59:47.0" CREATOR="1" VOIDED="false" CONCEPT_NAME_TYPE="FULLY_SPECIFIED" LOCALE_PREFERRED="true" UUID="4421da0d-42d0-410d-8ffd-47ec6f155d8f"/>
  <concept_name CONCEPT_NAME_ID="7002" CONCEPT_ID="6002" NAME="Orthopedic Services" LOCALE="en" DATE_CREATED="2019-12-11 16:59:47.0" CREATOR="1" VOIDED="false" CONCEPT_NAME_TYPE="FULLY_SPECIFIED" LOCALE_PREFERRED="true" UUID="276c5861-cd46-429f-9665-e067ddeca8e3"/>
  <concept_name CONCEPT_NAME_ID="7003" CONCEPT_ID="6003" NAME="Antenatal Services" LOCALE="en" DATE_CREATED="2019-12-11 16:59:47.0" CREATOR="1" VOIDED="false" CONCEPT_NAME_TYPE="FULLY_SPECIFIED" LOCALE_PREFERRED="false" UUID="e2b05c0e-cd0b-4e8b-b3a1-d8eecf3babb9"/>

  <location LOCATION_ID="8001" UUID="c4bb4f44-726d-11eb-9439-0242ac130002" NAME="ART Clinic" DESCRIPTION="Clinic for ART patients" RETIRED="false" CREATOR="1" DATE_CREATED="2020-01-01 00:00:00.0"/>
  <location LOCATION_ID="8002" UUID="c4bb4f44-726d-11eb-9439-0242ac130003" NAME="Inpatient Ward" DESCRIPTION="Ward for inpatients" RETIRED="false" CREATOR="1" DATE_CREATED="2020-01-01 00:00:00.0"/>
  <location LOCATION_ID="8003" UUID="c4bb4f44-726d-11eb-9439-0242ac130004" NAME="MCH Clinic" DESCRIPTION="Clinic for maternal and child health" RETIRED="false" CREATOR="1" DATE_CREATED="2020-01-01 00:00:00.0"/>

  <CASHIER_PAYMENT_MODE PAYMENT_MODE_ID="9001" UUID="526bf278-ba81-4436-b867-c2f6641d060a" NAME="Antenatal Cash Item" RETIRED="false" CREATOR="1" DATE_CREATED="2020-01-01 00:00:00.0"/>
  <CASHIER_PAYMENT_MODE PAYMENT_MODE_ID="9002" UUID="2b1b9aae-5d35-43dd-9214-3fd370fd7737" NAME="Orthopedic Cash Item" RETIRED="false" CREATOR="1" DATE_CREATED="2020-01-01 00:00:00.0"/>
  <CASHIER_PAYMENT_MODE PAYMENT_MODE_ID="9003" UUID="e168c141-f5fd-4eec-bd3e-633bed1c9606" NAME="Nutrition Cash Item" RETIRED="false" CREATOR="1" DATE_CREATED="2020-01-01 00:00:00.0"/>

</dataset>
